# JRE version: Java(TM) SE Runtime Environment (21.0.1+12) (build 21.0.1+12-LTS-29)
# Java VM: Java HotSpot(TM) 64-Bit Server VM (21.0.1+12-LTS-29, mixed mode, sharing, tiered, compressed oops, compressed class ptrs, g1 gc, windows-amd64)
GC Precious Log:
 CardTable entry size: 512
 Card Set container configuration: InlinePtr #cards 5 size 8 Array Of Cards #cards 12 size 40 Howl #buckets 4 coarsen threshold 1843 Howl Bitmap #cards 512 size 80 coarsen threshold 460 Card regions per heap region 1 cards per card region 2048
 CPUs: 4 total, 4 available
 Memory: 7926M
 Large Page Support: Disabled
 NUMA Support: Disabled
 Compressed Oops: Enabled (32-bit)
 Heap Region Size: 1M
 Heap Min Capacity: 8M
 Heap Initial Capacity: 124M
 Heap Max Capacity: 1982M
 Pre-touch: Disabled
 Parallel Workers: 4
 Concurrent Workers: 1
 Concurrent Refinement Workers: 4
 Periodic GC: Disabled
Heap:
 garbage-first heap   total 105472K, used 61850K [0x0000000084200000, 0x0000000100000000)
  region size 1024K, 20 young (20480K), 4 survivors (4096K)
 Metaspace       used 96174K, committed 97536K, reserved 1179648K
  class space    used 13051K, committed 13568K, reserved 1048576K
GC Heap History (20 events):
Event: 69.085 GC heap before
{Heap before GC invocations=31 (full 0):
 garbage-first heap   total 105472K, used 89760K [0x0000000084200000, 0x0000000100000000)
  region size 1024K, 51 young (52224K), 7 survivors (7168K)
 Metaspace       used 95983K, committed 96896K, reserved 1179648K
  class space    used 13159K, committed 13568K, reserved 1048576K
}
Event: 69.109 GC heap after
{Heap after GC invocations=32 (full 0):
 garbage-first heap   total 105472K, used 48558K [0x0000000084200000, 0x0000000100000000)
  region size 1024K, 3 young (3072K), 3 survivors (3072K)
 Metaspace       used 95983K, committed 96896K, reserved 1179648K
  class space    used 13159K, committed 13568K, reserved 1048576K
}
Event: 330.298 GC heap before
{Heap before GC invocations=33 (full 0):
 garbage-first heap   total 105472K, used 95662K [0x0000000084200000, 0x0000000100000000)
  region size 1024K, 49 young (50176K), 3 survivors (3072K)
 Metaspace       used 96240K, committed 97152K, reserved 1179648K
  class space    used 13162K, committed 13568K, reserved 1048576K
}
Event: 330.313 GC heap after
{Heap after GC invocations=34 (full 0):
 garbage-first heap   total 105472K, used 48361K [0x0000000084200000, 0x0000000100000000)
  region size 1024K, 3 young (3072K), 3 survivors (3072K)
 Metaspace       used 96240K, committed 97152K, reserved 1179648K
  class space    used 13162K, committed 13568K, reserved 1048576K
}
Event: 631.351 GC heap before
{Heap before GC invocations=34 (full 0):
 garbage-first heap   total 105472K, used 95465K [0x0000000084200000, 0x0000000100000000)
  region size 1024K, 49 young (50176K), 3 survivors (3072K)
 Metaspace       used 96269K, committed 97152K, reserved 1179648K
  class space    used 13163K, committed 13568K, reserved 1048576K
}
Event: 631.394 GC heap after
{Heap after GC invocations=35 (full 0):
 garbage-first heap   total 105472K, used 47341K [0x0000000084200000, 0x0000000100000000)
  region size 1024K, 3 young (3072K), 3 survivors (3072K)
 Metaspace       used 96269K, committed 97152K, reserved 1179648K
  class space    used 13163K, committed 13568K, reserved 1048576K
}
Event: 941.215 GC heap before
{Heap before GC invocations=35 (full 0):
 garbage-first heap   total 105472K, used 95469K [0x0000000084200000, 0x0000000100000000)
  region size 1024K, 50 young (51200K), 3 survivors (3072K)
 Metaspace       used 96296K, committed 97216K, reserved 1179648K
  class space    used 13163K, committed 13568K, reserved 1048576K
}
Event: 941.233 GC heap after
{Heap after GC invocations=36 (full 0):
 garbage-first heap   total 105472K, used 47363K [0x0000000084200000, 0x0000000100000000)
  region size 1024K, 3 young (3072K), 3 survivors (3072K)
 Metaspace       used 96296K, committed 97216K, reserved 1179648K
  class space    used 13163K, committed 13568K, reserved 1048576K
}
Event: 1254.635 GC heap before
{Heap before GC invocations=37 (full 0):
 garbage-first heap   total 105472K, used 95491K [0x0000000084200000, 0x0000000100000000)
  region size 1024K, 50 young (51200K), 3 survivors (3072K)
 Metaspace       used 96316K, committed 97216K, reserved 1179648K
  class space    used 13161K, committed 13568K, reserved 1048576K
}
Event: 1254.676 GC heap after
{Heap after GC invocations=38 (full 0):
 garbage-first heap   total 105472K, used 47402K [0x0000000084200000, 0x0000000100000000)
  region size 1024K, 3 young (3072K), 3 survivors (3072K)
 Metaspace       used 96316K, committed 97216K, reserved 1179648K
  class space    used 13161K, committed 13568K, reserved 1048576K
}
Event: 1558.934 GC heap before
{Heap before GC invocations=38 (full 0):
 garbage-first heap   total 105472K, used 95530K [0x0000000084200000, 0x0000000100000000)
  region size 1024K, 50 young (51200K), 3 survivors (3072K)
 Metaspace       used 96370K, committed 97280K, reserved 1179648K
  class space    used 13165K, committed 13568K, reserved 1048576K
}
Event: 1558.970 GC heap after
{Heap after GC invocations=39 (full 0):
 garbage-first heap   total 105472K, used 46918K [0x0000000084200000, 0x0000000100000000)
  region size 1024K, 3 young (3072K), 3 survivors (3072K)
 Metaspace       used 96370K, committed 97280K, reserved 1179648K
  class space    used 13165K, committed 13568K, reserved 1048576K
}
Event: 1842.344 GC heap before
{Heap before GC invocations=39 (full 0):
 garbage-first heap   total 105472K, used 96070K [0x0000000084200000, 0x0000000100000000)
  region size 1024K, 51 young (52224K), 3 survivors (3072K)
 Metaspace       used 96473K, committed 97344K, reserved 1179648K
  class space    used 13165K, committed 13568K, reserved 1048576K
}
Event: 1842.359 GC heap after
{Heap after GC invocations=40 (full 0):
 garbage-first heap   total 105472K, used 47479K [0x0000000084200000, 0x0000000100000000)
  region size 1024K, 4 young (4096K), 4 survivors (4096K)
 Metaspace       used 96473K, committed 97344K, reserved 1179648K
  class space    used 13165K, committed 13568K, reserved 1048576K
}
Event: 2149.655 GC heap before
{Heap before GC invocations=41 (full 0):
 garbage-first heap   total 105472K, used 94583K [0x0000000084200000, 0x0000000100000000)
  region size 1024K, 50 young (51200K), 4 survivors (4096K)
 Metaspace       used 96479K, committed 97344K, reserved 1179648K
  class space    used 13165K, committed 13568K, reserved 1048576K
}
Event: 2149.702 GC heap after
{Heap after GC invocations=42 (full 0):
 garbage-first heap   total 105472K, used 47406K [0x0000000084200000, 0x0000000100000000)
  region size 1024K, 4 young (4096K), 4 survivors (4096K)
 Metaspace       used 96479K, committed 97344K, reserved 1179648K
  class space    used 13165K, committed 13568K, reserved 1048576K
}
Event: 5674.987 GC heap before
{Heap before GC invocations=42 (full 0):
 garbage-first heap   total 105472K, used 94510K [0x0000000084200000, 0x0000000100000000)
  region size 1024K, 50 young (51200K), 4 survivors (4096K)
 Metaspace       used 96528K, committed 97408K, reserved 1179648K
  class space    used 13173K, committed 13568K, reserved 1048576K
}
Event: 5675.040 GC heap after
{Heap after GC invocations=43 (full 0):
 garbage-first heap   total 105472K, used 45605K [0x0000000084200000, 0x0000000100000000)
  region size 1024K, 3 young (3072K), 3 survivors (3072K)
 Metaspace       used 96528K, committed 97408K, reserved 1179648K
  class space    used 13173K, committed 13568K, reserved 1048576K
}
Event: 5971.271 GC heap before
{Heap before GC invocations=43 (full 0):
 garbage-first heap   total 105472K, used 94757K [0x0000000084200000, 0x0000000100000000)
  region size 1024K, 51 young (52224K), 3 survivors (3072K)
 Metaspace       used 96622K, committed 97536K, reserved 1179648K
  class space    used 13173K, committed 13568K, reserved 1048576K
}
Event: 5971.520 GC heap after
{Heap after GC invocations=44 (full 0):
 garbage-first heap   total 105472K, used 46490K [0x0000000084200000, 0x0000000100000000)
  region size 1024K, 4 young (4096K), 4 survivors (4096K)
 Metaspace       used 96622K, committed 97536K, reserved 1179648K
  class space    used 13173K, committed 13568K, reserved 1048576K
}

