# JRE version: Java(TM) SE Runtime Environment (21.0.1+12) (build 21.0.1+12-LTS-29)
# Java VM: Java HotSpot(TM) 64-Bit Server VM (21.0.1+12-LTS-29, mixed mode, sharing, tiered, compressed oops, compressed class ptrs, g1 gc, windows-amd64)
GC Precious Log:
 CardTable entry size: 512
 Card Set container configuration: InlinePtr #cards 5 size 8 Array Of Cards #cards 12 size 40 Howl #buckets 4 coarsen threshold 1843 Howl Bitmap #cards 512 size 80 coarsen threshold 460 Card regions per heap region 1 cards per card region 2048
 CPUs: 4 total, 4 available
 Memory: 7926M
 Large Page Support: Disabled
 NUMA Support: Disabled
 Compressed Oops: Enabled (32-bit)
 Heap Region Size: 1M
 Heap Min Capacity: 8M
 Heap Initial Capacity: 124M
 Heap Max Capacity: 1982M
 Pre-touch: Disabled
 Parallel Workers: 4
 Concurrent Workers: 1
 Concurrent Refinement Workers: 4
 Periodic GC: Disabled
Heap:
 garbage-first heap   total 133120K, used 88488K [0x0000000084200000, 0x0000000100000000)
  region size 1024K, 42 young (43008K), 3 survivors (3072K)
 Metaspace       used 97875K, committed 98880K, reserved 1179648K
  class space    used 13095K, committed 13632K, reserved 1048576K
GC Heap History (20 events):
Event: 18.434 GC heap before
{Heap before GC invocations=26 (full 0):
 garbage-first heap   total 72704K, used 63749K [0x0000000084200000, 0x0000000100000000)
  region size 1024K, 15 young (15360K), 3 survivors (3072K)
 Metaspace       used 82800K, committed 83584K, reserved 1179648K
  class space    used 11412K, committed 11776K, reserved 1048576K
}
Event: 18.438 GC heap after
{Heap after GC invocations=27 (full 0):
 garbage-first heap   total 133120K, used 53326K [0x0000000084200000, 0x0000000100000000)
  region size 1024K, 2 young (2048K), 2 survivors (2048K)
 Metaspace       used 82800K, committed 83584K, reserved 1179648K
  class space    used 11412K, committed 11776K, reserved 1048576K
}
Event: 18.555 GC heap before
{Heap before GC invocations=28 (full 0):
 garbage-first heap   total 133120K, used 103502K [0x0000000084200000, 0x0000000100000000)
  region size 1024K, 51 young (52224K), 2 survivors (2048K)
 Metaspace       used 82806K, committed 83584K, reserved 1179648K
  class space    used 11410K, committed 11776K, reserved 1048576K
}
Event: 18.557 GC heap after
{Heap after GC invocations=29 (full 0):
 garbage-first heap   total 133120K, used 53148K [0x0000000084200000, 0x0000000100000000)
  region size 1024K, 1 young (1024K), 1 survivors (1024K)
 Metaspace       used 82806K, committed 83584K, reserved 1179648K
  class space    used 11410K, committed 11776K, reserved 1048576K
}
Event: 28.081 GC heap before
{Heap before GC invocations=29 (full 0):
 garbage-first heap   total 133120K, used 115612K [0x0000000084200000, 0x0000000100000000)
  region size 1024K, 63 young (64512K), 1 survivors (1024K)
 Metaspace       used 93060K, committed 93888K, reserved 1179648K
  class space    used 12851K, committed 13248K, reserved 1048576K
}
Event: 28.093 GC heap after
{Heap after GC invocations=30 (full 0):
 garbage-first heap   total 133120K, used 56830K [0x0000000084200000, 0x0000000100000000)
  region size 1024K, 6 young (6144K), 6 survivors (6144K)
 Metaspace       used 93060K, committed 93888K, reserved 1179648K
  class space    used 12851K, committed 13248K, reserved 1048576K
}
Event: 345.143 GC heap before
{Heap before GC invocations=30 (full 0):
 garbage-first heap   total 133120K, used 114174K [0x0000000084200000, 0x0000000100000000)
  region size 1024K, 62 young (63488K), 6 survivors (6144K)
 Metaspace       used 94570K, committed 95488K, reserved 1179648K
  class space    used 12998K, committed 13440K, reserved 1048576K
}
Event: 345.182 GC heap after
{Heap after GC invocations=31 (full 0):
 garbage-first heap   total 133120K, used 57563K [0x0000000084200000, 0x0000000100000000)
  region size 1024K, 1 young (1024K), 1 survivors (1024K)
 Metaspace       used 94570K, committed 95488K, reserved 1179648K
  class space    used 12998K, committed 13440K, reserved 1048576K
}
Event: 667.913 GC heap before
{Heap before GC invocations=32 (full 0):
 garbage-first heap   total 133120K, used 112859K [0x0000000084200000, 0x0000000100000000)
  region size 1024K, 59 young (60416K), 1 survivors (1024K)
 Metaspace       used 95570K, committed 96512K, reserved 1179648K
  class space    used 13090K, committed 13568K, reserved 1048576K
}
Event: 667.928 GC heap after
{Heap after GC invocations=33 (full 0):
 garbage-first heap   total 133120K, used 53773K [0x0000000084200000, 0x0000000100000000)
  region size 1024K, 2 young (2048K), 2 survivors (2048K)
 Metaspace       used 95570K, committed 96512K, reserved 1179648K
  class space    used 13090K, committed 13568K, reserved 1048576K
}
Event: 1046.398 GC heap before
{Heap before GC invocations=33 (full 0):
 garbage-first heap   total 133120K, used 119309K [0x0000000084200000, 0x0000000100000000)
  region size 1024K, 66 young (67584K), 2 survivors (2048K)
 Metaspace       used 96000K, committed 96960K, reserved 1179648K
  class space    used 13094K, committed 13568K, reserved 1048576K
}
Event: 1046.412 GC heap after
{Heap after GC invocations=34 (full 0):
 garbage-first heap   total 133120K, used 50317K [0x0000000084200000, 0x0000000100000000)
  region size 1024K, 2 young (2048K), 2 survivors (2048K)
 Metaspace       used 96000K, committed 96960K, reserved 1179648K
  class space    used 13094K, committed 13568K, reserved 1048576K
}
Event: 1453.829 GC heap before
{Heap before GC invocations=34 (full 0):
 garbage-first heap   total 133120K, used 121997K [0x0000000084200000, 0x0000000100000000)
  region size 1024K, 73 young (74752K), 2 survivors (2048K)
 Metaspace       used 96518K, committed 97472K, reserved 1179648K
  class space    used 13098K, committed 13568K, reserved 1048576K
}
Event: 1453.964 GC heap after
{Heap after GC invocations=35 (full 0):
 garbage-first heap   total 133120K, used 50508K [0x0000000084200000, 0x0000000100000000)
  region size 1024K, 2 young (2048K), 2 survivors (2048K)
 Metaspace       used 96518K, committed 97472K, reserved 1179648K
  class space    used 13098K, committed 13568K, reserved 1048576K
}
Event: 1844.100 GC heap before
{Heap before GC invocations=36 (full 0):
 garbage-first heap   total 133120K, used 123212K [0x0000000084200000, 0x0000000100000000)
  region size 1024K, 73 young (74752K), 2 survivors (2048K)
 Metaspace       used 97006K, committed 97984K, reserved 1179648K
  class space    used 13127K, committed 13568K, reserved 1048576K
}
Event: 1844.122 GC heap after
{Heap after GC invocations=37 (full 0):
 garbage-first heap   total 133120K, used 51457K [0x0000000084200000, 0x0000000100000000)
  region size 1024K, 3 young (3072K), 3 survivors (3072K)
 Metaspace       used 97006K, committed 97984K, reserved 1179648K
  class space    used 13127K, committed 13568K, reserved 1048576K
}
Event: 2281.131 GC heap before
{Heap before GC invocations=37 (full 0):
 garbage-first heap   total 133120K, used 121089K [0x0000000084200000, 0x0000000100000000)
  region size 1024K, 72 young (73728K), 3 survivors (3072K)
 Metaspace       used 97064K, committed 98112K, reserved 1179648K
  class space    used 13131K, committed 13632K, reserved 1048576K
}
Event: 2281.154 GC heap after
{Heap after GC invocations=38 (full 0):
 garbage-first heap   total 133120K, used 50264K [0x0000000084200000, 0x0000000100000000)
  region size 1024K, 3 young (3072K), 3 survivors (3072K)
 Metaspace       used 97064K, committed 98112K, reserved 1179648K
  class space    used 13131K, committed 13632K, reserved 1048576K
}
Event: 2646.473 GC heap before
{Heap before GC invocations=38 (full 0):
 garbage-first heap   total 133120K, used 120920K [0x0000000084200000, 0x0000000100000000)
  region size 1024K, 73 young (74752K), 3 survivors (3072K)
 Metaspace       used 97572K, committed 98560K, reserved 1179648K
  class space    used 13151K, committed 13632K, reserved 1048576K
}
Event: 2646.488 GC heap after
{Heap after GC invocations=39 (full 0):
 garbage-first heap   total 133120K, used 50600K [0x0000000084200000, 0x0000000100000000)
  region size 1024K, 3 young (3072K), 3 survivors (3072K)
 Metaspace       used 97572K, committed 98560K, reserved 1179648K
  class space    used 13151K, committed 13632K, reserved 1048576K
}

